2019-04-08 13:53:45 [scrapy.utils.log] INFO: Scrapy 1.6.0 started (bot: bot)
2019-04-08 13:53:45 [scrapy.utils.log] INFO: Versions: lxml 4.3.3.0, libxml2 2.9.5, cssselect 1.0.3, parsel 1.5.1, w3lib 1.20.0, Twisted 18.9.0, Python 3.6.3 |Anaconda, Inc.| (default, Oct 15 2017, 03:27:45) [MSC v.1900 64 bit (AMD64)], pyOpenSSL 19.0.0 (OpenSSL 1.1.1b  26 Feb 2019), cryptography 2.6.1, Platform Windows-10-10.0.17763-SP0
2019-04-08 13:53:45 [scrapy.crawler] INFO: Overridden settings: {'BOT_NAME': 'bot', 'DOWNLOAD_DELAY': 3, 'LOG_FILE': 'logs\\bot\\weibo_spider\\a94228b659c211e983bfb46d83b992e9.log', 'NEWSPIDER_MODULE': 'bot.spiders', 'SPIDER_MODULES': ['bot.spiders']}
2019-04-08 13:53:45 [scrapy.extensions.telnet] INFO: Telnet Password: f3e61d90e0a0466e
2019-04-08 13:53:45 [scrapy.middleware] INFO: Enabled extensions:
['scrapy.extensions.corestats.CoreStats',
 'scrapy.extensions.telnet.TelnetConsole',
 'scrapy.extensions.logstats.LogStats']
2019-04-08 13:53:46 [scrapy.middleware] INFO: Enabled downloader middlewares:
['scrapy.downloadermiddlewares.httpauth.HttpAuthMiddleware',
 'scrapy.downloadermiddlewares.downloadtimeout.DownloadTimeoutMiddleware',
 'scrapy.downloadermiddlewares.defaultheaders.DefaultHeadersMiddleware',
 'scrapy.downloadermiddlewares.useragent.UserAgentMiddleware',
 'scrapy.downloadermiddlewares.retry.RetryMiddleware',
 'scrapy.downloadermiddlewares.redirect.MetaRefreshMiddleware',
 'scrapy.downloadermiddlewares.httpcompression.HttpCompressionMiddleware',
 'scrapy.downloadermiddlewares.redirect.RedirectMiddleware',
 'scrapy.downloadermiddlewares.cookies.CookiesMiddleware',
 'scrapy.downloadermiddlewares.httpproxy.HttpProxyMiddleware',
 'scrapy.downloadermiddlewares.stats.DownloaderStats']
2019-04-08 13:53:46 [scrapy.middleware] INFO: Enabled spider middlewares:
['scrapy.spidermiddlewares.httperror.HttpErrorMiddleware',
 'scrapy.spidermiddlewares.offsite.OffsiteMiddleware',
 'scrapy.spidermiddlewares.referer.RefererMiddleware',
 'scrapy.spidermiddlewares.urllength.UrlLengthMiddleware',
 'scrapy.spidermiddlewares.depth.DepthMiddleware']
2019-04-08 13:53:46 [scrapy.middleware] INFO: Enabled item pipelines:
['bot.pipelines.BotPipeline']
2019-04-08 13:53:46 [scrapy.core.engine] INFO: Spider opened
2019-04-08 13:53:46 [scrapy.extensions.logstats] INFO: Crawled 0 pages (at 0 pages/min), scraped 0 items (at 0 items/min)
2019-04-08 13:53:46 [scrapy.extensions.telnet] INFO: Telnet console listening on 127.0.0.1:6023
2019-04-08 13:53:47 [scrapy.downloadermiddlewares.redirect] DEBUG: Redirecting (302) to <GET https://passport.weibo.cn/signin/login?entry=mweibo&r=https%3A%2F%2Fweibo.cn&uid=5445610951&_T_WM=a5fe722d2817f50f5f2e519639da7bee> from <GET https://weibo.cn/5445610951/info>
2019-04-08 13:53:50 [scrapy.downloadermiddlewares.redirect] DEBUG: Redirecting (302) to <GET https://passport.weibo.cn/signin/login?entry=mweibo&r=https%3A%2F%2Fweibo.cn&uid=5438519946&_T_WM=ef57f408b6db3514c15c80981fcbe121> from <GET https://weibo.cn/5438519946/info>
2019-04-08 13:53:54 [scrapy.core.engine] DEBUG: Crawled (200) <GET https://passport.weibo.cn/signin/login?entry=mweibo&r=https%3A%2F%2Fweibo.cn&uid=5445610951&_T_WM=a5fe722d2817f50f5f2e519639da7bee> (referer: None)
2019-04-08 13:53:54 [scrapy.core.scraper] ERROR: Spider error processing <GET https://passport.weibo.cn/signin/login?entry=mweibo&r=https%3A%2F%2Fweibo.cn&uid=5445610951&_T_WM=a5fe722d2817f50f5f2e519639da7bee> (referer: None)
Traceback (most recent call last):
  File "e:\pythonenv\weibo-analysis-system\lib\site-packages\scrapy\utils\defer.py", line 102, in iter_errback
    yield next(it)
  File "e:\pythonenv\weibo-analysis-system\lib\site-packages\scrapy\spidermiddlewares\offsite.py", line 29, in process_spider_output
    for x in result:
  File "e:\pythonenv\weibo-analysis-system\lib\site-packages\scrapy\spidermiddlewares\referer.py", line 339, in <genexpr>
    return (_set_referer(r) for r in result or ())
  File "e:\pythonenv\weibo-analysis-system\lib\site-packages\scrapy\spidermiddlewares\urllength.py", line 37, in <genexpr>
    return (r for r in result or () if _filter(r))
  File "e:\pythonenv\weibo-analysis-system\lib\site-packages\scrapy\spidermiddlewares\depth.py", line 58, in <genexpr>
    return (r for r in result or () if _filter(r))
  File "c:\users\84774\appdata\local\temp\bot-1554702724-5cl41me3.egg\bot\spiders\weibo_spider.py", line 44, in parse_information
    information_item['_id'] = re.findall('(\d+)/info', response.url)[0]
IndexError: list index out of range
2019-04-08 13:53:57 [scrapy.core.engine] DEBUG: Crawled (200) <GET https://passport.weibo.cn/signin/login?entry=mweibo&r=https%3A%2F%2Fweibo.cn&uid=5438519946&_T_WM=ef57f408b6db3514c15c80981fcbe121> (referer: None)
2019-04-08 13:53:57 [scrapy.core.scraper] ERROR: Spider error processing <GET https://passport.weibo.cn/signin/login?entry=mweibo&r=https%3A%2F%2Fweibo.cn&uid=5438519946&_T_WM=ef57f408b6db3514c15c80981fcbe121> (referer: None)
Traceback (most recent call last):
  File "e:\pythonenv\weibo-analysis-system\lib\site-packages\scrapy\utils\defer.py", line 102, in iter_errback
    yield next(it)
  File "e:\pythonenv\weibo-analysis-system\lib\site-packages\scrapy\spidermiddlewares\offsite.py", line 29, in process_spider_output
    for x in result:
  File "e:\pythonenv\weibo-analysis-system\lib\site-packages\scrapy\spidermiddlewares\referer.py", line 339, in <genexpr>
    return (_set_referer(r) for r in result or ())
  File "e:\pythonenv\weibo-analysis-system\lib\site-packages\scrapy\spidermiddlewares\urllength.py", line 37, in <genexpr>
    return (r for r in result or () if _filter(r))
  File "e:\pythonenv\weibo-analysis-system\lib\site-packages\scrapy\spidermiddlewares\depth.py", line 58, in <genexpr>
    return (r for r in result or () if _filter(r))
  File "c:\users\84774\appdata\local\temp\bot-1554702724-5cl41me3.egg\bot\spiders\weibo_spider.py", line 44, in parse_information
    information_item['_id'] = re.findall('(\d+)/info', response.url)[0]
IndexError: list index out of range
2019-04-08 13:53:57 [scrapy.core.engine] INFO: Closing spider (finished)
2019-04-08 13:53:57 [scrapy.statscollectors] INFO: Dumping Scrapy stats:
{'downloader/request_bytes': 1276,
 'downloader/request_count': 4,
 'downloader/request_method_count/GET': 4,
 'downloader/response_bytes': 5937,
 'downloader/response_count': 4,
 'downloader/response_status_count/200': 2,
 'downloader/response_status_count/302': 2,
 'finish_reason': 'finished',
 'finish_time': datetime.datetime(2019, 4, 8, 5, 53, 57, 460247),
 'log_count/DEBUG': 4,
 'log_count/ERROR': 2,
 'log_count/INFO': 9,
 'response_received_count': 2,
 'scheduler/dequeued': 4,
 'scheduler/dequeued/memory': 4,
 'scheduler/enqueued': 4,
 'scheduler/enqueued/memory': 4,
 'spider_exceptions/IndexError': 2,
 'start_time': datetime.datetime(2019, 4, 8, 5, 53, 46, 634992)}
2019-04-08 13:53:57 [scrapy.core.engine] INFO: Spider closed (finished)
